<?xml version="1.0" encoding="UTF-8"?>
<!-- Generated by org.testng.reporters.JUnitReportReporter -->
<testsuite hostname="USER-PC" name="tests.TestNg_Annotations" tests="2" failures="0" timestamp="15 Oct 2015 13:14:59 GMT" time="0.002" errors="0">
  <testcase name="testSendMail" time="0.002" classname="tests.TestNg_Annotations"/>
  <testcase name="testRecieveMail" time="0.000" classname="tests.TestNg_Annotations"/>
</testsuite> <!-- tests.TestNg_Annotations -->
