<?xml version="1.0" encoding="UTF-8"?>
<!-- Generated by org.testng.reporters.JUnitReportReporter -->
<testsuite hostname="USER-PC" name="tests.TestNg_Parameters" tests="3" failures="0" timestamp="15 Oct 2015 13:14:59 GMT" time="0.000" errors="0">
  <testcase name="registerData" time="0.000" classname="tests.TestNg_Parameters"/>
  <testcase name="registerData" time="0.000" classname="tests.TestNg_Parameters"/>
  <testcase name="registerData" time="0.000" classname="tests.TestNg_Parameters"/>
</testsuite> <!-- tests.TestNg_Parameters -->
