<?xml version="1.0" encoding="UTF-8"?>
<!-- Generated by org.testng.reporters.JUnitReportReporter -->
<testsuite hostname="USER-PC" name="tests.Second_TestNg" tests="1" failures="1" timestamp="15 Oct 2015 13:14:59 GMT" time="0.000" errors="0">
  <testcase name="checkEmail" time="0.000" classname="tests.Second_TestNg"/>
</testsuite> <!-- tests.Second_TestNg -->
