<?xml version="1.0" encoding="UTF-8"?>
<!-- Generated by org.testng.reporters.JUnitReportReporter -->
<testsuite hostname="USER-PC" name="tests.TestNg_Assertions" tests="1" failures="0" timestamp="15 Oct 2015 13:14:59 GMT" time="0.003" errors="0">
  <testcase name="deleteEmail" time="0.003" classname="tests.TestNg_Assertions"/>
</testsuite> <!-- tests.TestNg_Assertions -->
